

-----------------------------
2021/08/15 03:35 : Start logging
XlInputManager.psm1 : Line 102 : Excel file () が開けません


-----------------------------
2021/08/15 04:22 : Start logging
XlOutputManager.psm1 : Line 104 : svnでの list取得失敗 - 対象URL：https://www.awes;ogijr.com/awf;pogj/waofh
XlOutputManager.psm1 : Line 104 : svnでの list取得失敗 - 対象URL：https://127.0.0.1/fwlink/?LinkId=550986]から送信
XlOutputManager.psm1 : Line 104 : svnでの list取得失敗 - 対象URL：https://127.0.0.1/fwlink/?LinkId=550986&data=04|01||e93b22c7b4884471a7cf08d942305b37|84df9e7fe9f640afb435aaaaaaaaaaaa|1|0|637613597720935274|Unknown|TWFpbGZsb3d8eyJWIjoiMC4wLjAwMDAiLCJQIjoiV2luMzIiLCJBTiI6Ik1haWwiLCJXVCI6Mn0=|1000&sdata=NIvwsDjn++yWUCdNtvhmLnRaErc8nFJvr4ClV72Pev0=&reserved=0]から送信
XlOutputManager.psm1 : Line 104 : svnでの list取得失敗 - 対象URL：https://URLエンコード済みのstrings.com/gweroilkj/
XlOutputManager.psm1 : Line 104 : svnでの list取得失敗 - 対象URL：https://wjeafpwo.awsero;gjr.awoegahj/ap;wogrijg.asx?wfoij=1
XlOutputManager.psm1 : Line 104 : svnでの list取得失敗 - 対象URL：https://wfjigawe:@pj[erawpokjorpgre


-----------------------------
2021/08/15 04:33 : Start logging


-----------------------------
2021/08/15 04:34 : Start logging
XlOutputManager.psm1 : Line 104 : svnでの list取得失敗 - 対象URL：https://www.awes;ogijr.com/awf;pogj/waofh
XlOutputManager.psm1 : Line 104 : svnでの list取得失敗 - 対象URL：https://127.0.0.1/fwlink/?LinkId=550986]から送信
XlOutputManager.psm1 : Line 104 : svnでの list取得失敗 - 対象URL：https://127.0.0.1/fwlink/?LinkId=550986&data=04|01||e93b22c7b4884471a7cf08d942305b37|84df9e7fe9f640afb435aaaaaaaaaaaa|1|0|637613597720935274|Unknown|TWFpbGZsb3d8eyJWIjoiMC4wLjAwMDAiLCJQIjoiV2luMzIiLCJBTiI6Ik1haWwiLCJXVCI6Mn0=|1000&sdata=NIvwsDjn++yWUCdNtvhmLnRaErc8nFJvr4ClV72Pev0=&reserved=0]から送信
XlOutputManager.psm1 : Line 104 : svnでの list取得失敗 - 対象URL：https://URLエンコード済みのstrings.com/gweroilkj/
XlOutputManager.psm1 : Line 104 : svnでの list取得失敗 - 対象URL：https://wjeafpwo.awsero;gjr.awoegahj/ap;wogrijg.asx?wfoij=1
XlOutputManager.psm1 : Line 104 : svnでの list取得失敗 - 対象URL：https://wfjigawe:@pj[erawpokjorpgre


-----------------------------
2021/08/15 04:35 : Start logging


-----------------------------
2021/08/15 04:35 : Start logging


-----------------------------
2021/08/15 04:35 : Start logging


-----------------------------
2021/08/15 04:36 : Start logging


-----------------------------
2021/08/15 04:40 : Start logging


-----------------------------
2021/08/15 04:48 : Start logging


-----------------------------
2021/08/15 04:50 : Start logging


-----------------------------
2021/08/15 05:02 : Start logging


-----------------------------
2021/08/15 05:04 : Start logging


-----------------------------
2021/08/15 05:07 : Start logging


-----------------------------
2021/08/15 05:07 : Start logging


-----------------------------
2021/08/15 05:11 : Start logging
XlOutputManager.psm1 : Line 104 : svnでの list取得失敗 - 対象URL：https://wfjigawe:@pj[erawpokjorpgre


-----------------------------
2021/08/15 05:13 : Start logging
XlOutputManager.psm1 : Line 104 : svnでの list取得失敗 - 対象URL：https://URLエンコード済みのstrings.com/gweroilkj/


-----------------------------
2021/08/15 05:16 : Start logging


-----------------------------
2021/08/15 05:22 : Start logging


-----------------------------
2021/08/15 05:23 : Start logging


-----------------------------
2021/08/15 05:23 : Start logging


-----------------------------
2021/08/15 05:24 : Start logging


-----------------------------
2021/08/15 05:24 : Start logging


-----------------------------
2021/08/15 06:33 : Start logging


-----------------------------
2021/08/15 06:34 : Start logging


-----------------------------
2021/08/15 06:35 : Start logging


-----------------------------
2021/08/15 06:35 : Start logging


-----------------------------
2021/08/15 06:36 : Start logging
main.ps1 : Line 84 : file list が 0件のため出力処理をスキップ - カテゴリ1 :対象URL :  https://www.awes;ogijr.com/awf;pogj/waofh
main.ps1 : Line 84 : file list が 0件のため出力処理をスキップ - カテゴリ1 :対象URL :  https://127.0.0.1/fwlink/?LinkId=550986]から送信
main.ps1 : Line 84 : file list が 0件のため出力処理をスキップ - カテゴリ2 :対象URL :  https://127.0.0.1/fwlink/?LinkId=550986&data=04|01||e93b22c7b4884471a7cf08d942305b37|84df9e7fe9f640afb435aaaaaaaaaaaa|1|0|637613597720935274|Unknown|TWFpbGZsb3d8eyJWIjoiMC4wLjAwMDAiLCJQIjoiV2luMzIiLCJBTiI6Ik1haWwiLCJXVCI6Mn0=|1000&sdata=NIvwsDjn++yWUCdNtvhmLnRaErc8nFJvr4ClV72Pev0=&reserved=0]から送信
main.ps1 : Line 84 : file list が 0件のため出力処理をスキップ - カテゴリ3 :対象URL :  https://URLエンコード済みのstrings.com/gweroilkj/
main.ps1 : Line 84 : file list が 0件のため出力処理をスキップ - カテゴリ7 :対象URL :  https://wjeafpwo.awsero;gjr.awoegahj/ap;wogrijg.asx?wfoij=1
main.ps1 : Line 84 : file list が 0件のため出力処理をスキップ - カテゴリ7 :対象URL :  https://wfjigawe:@pj[erawpokjorpgre


-----------------------------
2021/08/15 06:37 : Start logging
main.ps1 : Line 84 : file list が 0件のため出力処理をスキップ - カテゴリ1 :対象URL :  https://www.awes;ogijr.com/awf;pogj/waofh
main.ps1 : Line 84 : file list が 0件のため出力処理をスキップ - カテゴリ3 :対象URL :  https://URLエンコード済みのstrings.com/gweroilkj/
main.ps1 : Line 84 : file list が 0件のため出力処理をスキップ - カテゴリ7 :対象URL :  https://wfjigawe:@pj[erawpokjorpgre


-----------------------------
2021/08/15 06:38 : Start logging
main.ps1 : Line 84 : file list が 0件のため出力処理をスキップ - カテゴリ1 :対象URL :  https://www.awes;ogijr.com/awf;pogj/waofh
main.ps1 : Line 84 : file list が 0件のため出力処理をスキップ - カテゴリ3 :対象URL :  https://URLエンコード済みのstrings.com/gweroilkj/
main.ps1 : Line 84 : file list が 0件のため出力処理をスキップ - カテゴリ7 :対象URL :  https://wfjigawe:@pj[erawpokjorpgre


-----------------------------
2021/08/15 06:39 : Start logging
